{"contracts/NewContract.sol":{"l":{"10":1,"15":0},"path":"/home/rm/Desktop/Solcover/contracts/NewContract.sol","s":{"1":1,"2":0},"b":{},"f":{"1":1,"2":0},"fnMap":{"1":{"name":"sum","line":8,"loc":{"start":{"line":8,"column":4},"end":{"line":9,"column":5}}},"2":{"name":"sub","line":13,"loc":{"start":{"line":13,"column":4},"end":{"line":14,"column":5}}}},"statementMap":{"1":{"start":{"line":10,"column":8},"end":{"line":10,"column":20}},"2":{"start":{"line":15,"column":8},"end":{"line":15,"column":20}}},"branchMap":{}}}